Change Component Designator: OldDesignator=* NewDesignator=*1
Change Component Designator: OldDesignator=J4 NewDesignator=J5
Change Component Designator: OldDesignator=J5 NewDesignator=J6
Change Component Designator: OldDesignator=J6 NewDesignator=J7
Change Component Designator: OldDesignator=J7 NewDesignator=J9
Change Component Designator: OldDesignator=J8 NewDesignator=J10
Change Component Designator: OldDesignator=R7 NewDesignator=R8
Change Component Designator: OldDesignator=R8 NewDesignator=R9
Change Component Designator: OldDesignator=R9 NewDesignator=R10
Change Component Designator: OldDesignator=R10 NewDesignator=R11
Change Component Designator: OldDesignator=R11 NewDesignator=R12
Change Component Designator: OldDesignator=R12 NewDesignator=R13
Change Component Designator: OldDesignator=R13 NewDesignator=R15
Change Component Designator: OldDesignator=R14 NewDesignator=R16
Change Component Designator: OldDesignator=R15 NewDesignator=R17
Change Component Designator: OldDesignator=R16 NewDesignator=R18
Change Component Designator: OldDesignator=R17 NewDesignator=R19
Change Component Designator: OldDesignator=R18 NewDesignator=R20
Change Component Designator: OldDesignator=R19 NewDesignator=R21
Change Component Designator: OldDesignator=R20 NewDesignator=R22
Added Component: Designator=J4(AndersonEdgeMount)
Added Component: Designator=J8(AndersonEdgeMount)
Added Component: Designator=R7(RESC2012X65N)
Add component (AddParameter): Name = "Availability"; Value = "Unavailable"; VariantName = "[No Variations]"
Add component (AddParameter): Name = "MF"; Value = "{'manufacturer': u'TE Connectivity'}"; VariantName = "[No Variations]"
Add component (AddParameter): Name = "MP"; Value = "CRG0805F13K"; VariantName = "[No Variations]"
Add component (AddParameter): Name = "Package"; Value = "None"; VariantName = "[No Variations]"
Add component (AddParameter): Name = "Price"; Value = "None"; VariantName = "[No Variations]"
Add component (AddParameter): Name = "Value"; Value = ""; VariantName = "[No Variations]"
Added Component: Designator=R14(RESC2012X65N)
Add component (AddParameter): Name = "Availability"; Value = "Unavailable"; VariantName = "[No Variations]"
Add component (AddParameter): Name = "MF"; Value = "{'manufacturer': u'TE Connectivity'}"; VariantName = "[No Variations]"
Add component (AddParameter): Name = "MP"; Value = "CRG0805F13K"; VariantName = "[No Variations]"
Add component (AddParameter): Name = "Package"; Value = "None"; VariantName = "[No Variations]"
Add component (AddParameter): Name = "Price"; Value = "None"; VariantName = "[No Variations]"
Add component (AddParameter): Name = "Value"; Value = ""; VariantName = "[No Variations]"
Added Component: Designator=U2(ZXMN6A09GTA)
Added Component: Designator=U3(ZXMN6A09GTA)
Added Pin To Net: NetName=GND Pin=R7-1
Added Pin To Net: NetName=GND Pin=R14-1
Added Pin To Net: NetName=GND Pin=U2-3
Added Pin To Net: NetName=GND Pin=U3-3
Change Net Name : Old Net Name=NetJ4_12 New Net Name=NetJ5_12
Change Net Name : Old Net Name=NetJ6_2 New Net Name=NetJ7_2
Change Net Name : Old Net Name=NetJ6_3 New Net Name=NetJ7_3
Change Net Name : Old Net Name=NetJ6_4 New Net Name=NetJ7_4
Change Net Name : Old Net Name=NetJ6_5 New Net Name=NetJ7_5
Change Net Name : Old Net Name=NetJ6_6 New Net Name=NetJ7_6
Change Net Name : Old Net Name=NetJ6_7 New Net Name=NetJ7_7
Change Net Name : Old Net Name=NetJ6_8 New Net Name=NetJ7_8
Change Net Name : Old Net Name=NetJ6_9 New Net Name=NetJ7_9
Change Net Name : Old Net Name=NetJ6_10 New Net Name=NetJ7_10
Added Pin To Net: NetName=NetJ4_1 Pin=J4-1
Added Pin To Net: NetName=NetJ4_1 Pin=U2-2
Added Pin To Net: NetName=NetJ4_1 Pin=U2-2
Added Net: Name=NetJ4_1
Added Pin To Net: NetName=NetJ5_05 Pin=J5-05
Added Pin To Net: NetName=NetJ5_05 Pin=R7-2
Added Pin To Net: NetName=NetJ5_05 Pin=U2-1
Added Net: Name=NetJ5_05
Added Pin To Net: NetName=NetJ5_06 Pin=J5-06
Added Pin To Net: NetName=NetJ5_06 Pin=R14-2
Added Pin To Net: NetName=NetJ5_06 Pin=U3-1
Added Net: Name=NetJ5_06
Added Pin To Net: NetName=NetJ8_1 Pin=J8-1
Added Pin To Net: NetName=NetJ8_1 Pin=U3-2
Added Pin To Net: NetName=NetJ8_1 Pin=U3-2
Added Net: Name=NetJ8_1
Added Member To Class: ClassName=Main Member=Component J9 AndersonEdgeMount
Added Member To Class: ClassName=Main Member=Component J10 AndersonEdgeMount
Added Member To Class: ClassName=Main Member=Component R21 CRG0805F13K
Added Member To Class: ClassName=Main Member=Component R22 CRG0805F30K
Added Member To Class: ClassName=Main Member=Component U2 MOSFET N-CH
Added Member To Class: ClassName=Main Member=Component U3 MOSFET N-CH
